<?xml version="1.0" encoding="UTF-8"?>
<!-- Generated by org.testng.reporters.JUnitReportReporter -->
<testsuite hostname="INFAR20720" name="googleSearch.GoogleDriver" tests="1" failures="0" timestamp="25 Mar 2014 08:52:59 GMT" time="0.016" errors="0">
  <testcase name="FirstTest" time="0.016" classname="googleSearch.GoogleDriver"/>
</testsuite> <!-- googleSearch.GoogleDriver -->
