<?xml version="1.0" encoding="UTF-8"?>
<!-- Generated by org.testng.reporters.JUnitReportReporter -->
<testsuite hostname="INFAR20720" name="com.viacom.SearchGooglePage" tests="1" failures="0" timestamp="26 Mar 2014 13:19:18 GMT" time="30.208" errors="0">
  <testcase name="googleSearchTest" time="30.208" classname="com.viacom.SearchGooglePage"/>
</testsuite> <!-- com.viacom.SearchGooglePage -->
