<?xml version="1.0" encoding="UTF-8"?>
<!-- Generated by org.testng.reporters.JUnitReportReporter -->
<testsuite hostname="INFAR20720" name="com.viacom.SearchGooglePage" tests="1" failures="0" timestamp="27 Mar 2014 07:08:21 GMT" time="11.040" errors="0">
  <testcase name="googleSearchTest" time="11.040" classname="com.viacom.SearchGooglePage"/>
</testsuite> <!-- com.viacom.SearchGooglePage -->
